<?xml version="1.0" encoding="UTF-8"?>
<!-- Generated by org.testng.reporters.JUnitXMLReporter -->
<testsuite hostname="nitu-PC" ignored="1" name="Command line test" tests="3" failures="0" timestamp="23 Apr 2017 23:35:56 GMT" time="0.075" errors="0">
  <testcase name="@BeforeClass setUp" time="0.0" classname="com.qauber.AppTest">
    <failure type="org.testng.TestNGException" message="
Parameter &amp;apos;username&amp;apos; is required by BeforeClass on method setUp but has not been marked @Optional or defined
">
      <![CDATA[org.testng.TestNGException: 
Parameter 'username' is required by BeforeClass on method setUp but has not been marked @Optional or defined

... Removed 31 stack frames]]>
    </failure>
  </testcase> <!-- @BeforeClass setUp -->
  <testcase name="@AfterClass tearDown" time="0.0" classname="com.qauber.AppTest">
    <skipped/>
  </testcase> <!-- @AfterClass tearDown -->
  <testcase name="test0" time="0.001" classname="com.qauber.AppTest">
    <skipped/>
  </testcase> <!-- test0 -->
  <testcase name="test1" time="0.0" classname="com.qauber.AppTest">
    <skipped/>
  </testcase> <!-- test1 -->
  <testcase name="test2" time="0.0" classname="com.qauber.AppTest">
    <skipped/>
  </testcase> <!-- test2 -->
  <testcase name="test3" time="0.0" classname="com.qauber.AppTest">
    <ignored/>
  </testcase> <!-- test3 -->
</testsuite> <!-- Command line test -->
